clean/presentation/build/intermediates/manifest_merge_blame_file/debug/manifest-merger-blame-debug-report.txt
1<?xml version="1.0" encoding="utf-8"?>
2<manifest xmlns:android="http://schemas.android.com/apk/res/android"
3    package="com.inq.cleanexample.presentation" >
4
5    <uses-sdk
6        android:minSdkVersion="1"
6-->src/main/AndroidManifest.xml
7        android:targetSdkVersion="1" />
7-->src/main/AndroidManifest.xml
8
9    <application xmlns:android="http://schemas.android.com/apk/res/android" >
9-->src/main/AndroidManifest.xml:3:5-12:19
9-->src/main/AndroidManifest.xml:3:18-76
10        <activity
10-->src/main/AndroidManifest.xml:4:9-11:20
11            android:name="com.inq.cleanexample.presentation.main.MainActivity"
11-->src/main/AndroidManifest.xml:5:13-46
12            android:exported="true" >
12-->src/main/AndroidManifest.xml:6:13-36
13            <intent-filter>
13-->src/main/AndroidManifest.xml:7:13-10:29
14                <action android:name="android.intent.action.MAIN" />
14-->src/main/AndroidManifest.xml:8:17-69
14-->src/main/AndroidManifest.xml:8:25-66
15
16                <category android:name="android.intent.category.LAUNCHER" />
16-->src/main/AndroidManifest.xml:9:17-77
16-->src/main/AndroidManifest.xml:9:27-74
17            </intent-filter>
18        </activity>
19    </application>
20
21</manifest>